2024-07-29 20:05:41 INFO  Utils:112 - [TestNG] Running:
  D:\MyWorkspace\learnings\Java\coe_mar_2024_java\singleTestngExecution.xml

2024-07-29 20:05:47 INFO  TC005_LoginValidationDDTest:13 - ***** Starting TC005_LoginValidationDDTest *****
2024-07-29 20:05:50 INFO  TC005_LoginValidationDDTest:13 - ***** Starting TC005_LoginValidationDDTest *****
2024-07-29 20:06:00 INFO  TC005_LoginValidationDDTest:13 - ***** Starting TC005_LoginValidationDDTest *****
2024-07-29 20:06:46 INFO  Utils:112 - [TestNG] Running:
  D:\MyWorkspace\learnings\Java\coe_mar_2024_java\singleTestngExecution.xml

2024-07-29 20:06:49 INFO  TC001_UserRegistrationTest:14 - ***** Starting TC001_UserRegistrationTest *****
2024-07-29 20:06:49 INFO  TC001_UserRegistrationTest:22 - Clicking Register hyperlink...
2024-07-29 20:06:50 INFO  TC001_UserRegistrationTest:25 - Providing user details...
2024-07-29 20:06:52 INFO  TC001_UserRegistrationTest:39 - Validating expected message...
2024-07-29 20:06:52 INFO  TC001_UserRegistrationTest:52 - ***** Finished TC001_UserRegistrationTest *****
2024-07-29 20:08:05 INFO  TC001_UserRegistrationTest:14 - ***** Starting TC001_UserRegistrationTest *****
2024-07-29 20:08:05 INFO  TC001_UserRegistrationTest:22 - Clicking Register hyperlink...
2024-07-29 20:08:05 INFO  TC001_UserRegistrationTest:25 - Providing user details...
2024-07-29 20:08:07 INFO  TC001_UserRegistrationTest:39 - Validating expected message...
2024-07-29 20:08:07 INFO  TC001_UserRegistrationTest:52 - ***** Finished TC001_UserRegistrationTest *****
2024-07-29 20:12:21 INFO  TC001_UserRegistrationTest:14 - ***** Starting TC001_UserRegistrationTest *****
2024-07-29 20:12:21 INFO  TC001_UserRegistrationTest:22 - Clicking Register hyperlink...
2024-07-29 20:12:22 INFO  TC001_UserRegistrationTest:25 - Providing user details...
2024-07-29 20:12:24 INFO  TC001_UserRegistrationTest:39 - Validating expected message...
2024-07-29 20:12:24 INFO  TC001_UserRegistrationTest:52 - ***** Finished TC001_UserRegistrationTest *****
2024-07-29 20:14:48 INFO  TC001_UserRegistrationTest:14 - ***** Starting TC001_UserRegistrationTest *****
2024-07-29 20:14:48 INFO  TC001_UserRegistrationTest:22 - Clicking Register hyperlink...
2024-07-29 20:14:48 INFO  TC001_UserRegistrationTest:25 - Providing user details...
2024-07-29 20:14:50 INFO  TC001_UserRegistrationTest:39 - Validating expected message...
2024-07-29 20:14:50 INFO  TC001_UserRegistrationTest:52 - ***** Finished TC001_UserRegistrationTest *****
